<?xml version="1.0" encoding="UTF-8"?>
<testsuite xmlns:xsi="http://www.w3.org/2001/XMLSchema-instance" xsi:noNamespaceSchemaLocation="https://maven.apache.org/surefire/maven-surefire-plugin/xsd/surefire-test-report-3.0.xsd" version="3.0" name="com.DroneCatalog.AppTest" time="0.172" tests="4" errors="0" skipped="0" failures="0">
  <properties>
[...]
</properties>
  <testcase name="shouldAnswerWithTrue" classname="com.DroneCatalog.AppTest" time="0.04"/>
  <testcase name="testMainRuns" classname="com.DroneCatalog.AppTest" time="0.083"/>
  <testcase name="testEquality" classname="com.DroneCatalog.AppTest" time="0.002"/>
  <testcase name="shouldThrowException" classname="com.DroneCatalog.AppTest" time="0.003"/>
</testsuite>